
-------------------------------------------------------------------------------
   ROBOCOPY     ::     Robust File Copy for Windows                              
-------------------------------------------------------------------------------

  ¤w±Ň°Ę : 2026¦~3¤ë8¤é ¤U¤Č 05:00:04
    ¨Ó·˝ : c:\Users\nancy\OneDrive\Desktop\±MĂD\vit-pytorch-main\vit-pytorch-main\vit_pytorch\
  ĄŘŞş¦a : c:\Users\nancy\OneDrive\Desktop\±MĂD\±MĂD\vit_pytorch\

    ŔÉ®× : *.*
	    
    żď¶µ : *.* /S /E /DCOPY:DA /COPY:DAT /Z /NP /MT:8 /R:3 /W:5 

-------------------------------------------------------------------------------

	  *¨äĄLŔÉ®×   		   23531	c:\Users\nancy\OneDrive\Desktop\±MĂD\±MĂD\vit_pytorch\vaat.py
	    ¸ű·s      		    4909	c:\Users\nancy\OneDrive\Desktop\±MĂD\vit-pytorch-main\vit-pytorch-main\vit_pytorch\accept_video_wrapper.py
	    ¸ű·s      		   10095	c:\Users\nancy\OneDrive\Desktop\±MĂD\vit-pytorch-main\vit-pytorch-main\vit_pytorch\ats_vit.py
	    ¸ű·s      		    5671	c:\Users\nancy\OneDrive\Desktop\±MĂD\vit-pytorch-main\vit-pytorch-main\vit_pytorch\cait.py
	    ¸ű·s      		   12139	c:\Users\nancy\OneDrive\Desktop\±MĂD\vit-pytorch-main\vit-pytorch-main\vit_pytorch\cct.py
	    ¸ű·s      		   12590	c:\Users\nancy\OneDrive\Desktop\±MĂD\vit-pytorch-main\vit-pytorch-main\vit_pytorch\cct_3d.py
	    ¸ű·s      		    8347	c:\Users\nancy\OneDrive\Desktop\±MĂD\vit-pytorch-main\vit-pytorch-main\vit_pytorch\crossformer.py
	    ¸ű·s      		    9072	c:\Users\nancy\OneDrive\Desktop\±MĂD\vit-pytorch-main\vit-pytorch-main\vit_pytorch\cross_vit.py
	    ¸ű·s      		    5935	c:\Users\nancy\OneDrive\Desktop\±MĂD\vit-pytorch-main\vit-pytorch-main\vit_pytorch\cvt.py
	    ¸ű·s      		    4282	c:\Users\nancy\OneDrive\Desktop\±MĂD\vit-pytorch-main\vit-pytorch-main\vit_pytorch\deepvit.py
	    ¸ű·s      		    9662	c:\Users\nancy\OneDrive\Desktop\±MĂD\vit-pytorch-main\vit-pytorch-main\vit_pytorch\dino.py
	    ¸ű·s      		    4561	c:\Users\nancy\OneDrive\Desktop\±MĂD\vit-pytorch-main\vit-pytorch-main\vit_pytorch\distill.py
	    ¸ű·s      		    1813	c:\Users\nancy\OneDrive\Desktop\±MĂD\vit-pytorch-main\vit-pytorch-main\vit_pytorch\efficient.py
	    ¸ű·s      		   12657	c:\Users\nancy\OneDrive\Desktop\±MĂD\vit-pytorch-main\vit-pytorch-main\vit_pytorch\es_vit.py
	    ¸ű·s      		    2478	c:\Users\nancy\OneDrive\Desktop\±MĂD\vit-pytorch-main\vit-pytorch-main\vit_pytorch\extractor.py
	    ¸ű·s      		    5999	c:\Users\nancy\OneDrive\Desktop\±MĂD\vit-pytorch-main\vit-pytorch-main\vit_pytorch\jumbo_vit.py
	    ¸ű·s      		    7308	c:\Users\nancy\OneDrive\Desktop\±MĂD\vit-pytorch-main\vit-pytorch-main\vit_pytorch\learnable_memory_vit.py
	    ¸ű·s      		    6474	c:\Users\nancy\OneDrive\Desktop\±MĂD\vit-pytorch-main\vit-pytorch-main\vit_pytorch\levit.py
	    ¸ű·s      		    4883	c:\Users\nancy\OneDrive\Desktop\±MĂD\vit-pytorch-main\vit-pytorch-main\vit_pytorch\local_vit.py
	    ¸ű·s      		    8537	c:\Users\nancy\OneDrive\Desktop\±MĂD\vit-pytorch-main\vit-pytorch-main\vit_pytorch\look_vit.py
	    ¸ű·s      		    4094	c:\Users\nancy\OneDrive\Desktop\±MĂD\vit-pytorch-main\vit-pytorch-main\vit_pytorch\mae.py
	    ¸ű·s      		    8315	c:\Users\nancy\OneDrive\Desktop\±MĂD\vit-pytorch-main\vit-pytorch-main\vit_pytorch\max_vit.py
	    ¸ű·s      		    9892	c:\Users\nancy\OneDrive\Desktop\±MĂD\vit-pytorch-main\vit-pytorch-main\vit_pytorch\max_vit_with_registers.py
	    ¸ű·s      		    7675	c:\Users\nancy\OneDrive\Desktop\±MĂD\vit-pytorch-main\vit-pytorch-main\vit_pytorch\mobile_vit.py
	    ¸ű·s      		    6160	c:\Users\nancy\OneDrive\Desktop\±MĂD\vit-pytorch-main\vit-pytorch-main\vit_pytorch\mp3.py
	    ¸ű·s      		    5895	c:\Users\nancy\OneDrive\Desktop\±MĂD\vit-pytorch-main\vit-pytorch-main\vit_pytorch\mpp.py
	    ¸ű·s      		   12590	c:\Users\nancy\OneDrive\Desktop\±MĂD\vit-pytorch-main\vit-pytorch-main\vit_pytorch\na_vit.py
	    ¸ű·s      		    9936	c:\Users\nancy\OneDrive\Desktop\±MĂD\vit-pytorch-main\vit-pytorch-main\vit_pytorch\na_vit_nested_tensor.py
	    ¸ű·s      		   11035	c:\Users\nancy\OneDrive\Desktop\±MĂD\vit-pytorch-main\vit-pytorch-main\vit_pytorch\na_vit_nested_tensor_3d.py
	    ¸ű·s      		    5837	c:\Users\nancy\OneDrive\Desktop\±MĂD\vit-pytorch-main\vit-pytorch-main\vit_pytorch\nest.py
	    ¸ű·s      		    6993	c:\Users\nancy\OneDrive\Desktop\±MĂD\vit-pytorch-main\vit-pytorch-main\vit_pytorch\normalized_vit.py
	    ¸ű·s      		    4526	c:\Users\nancy\OneDrive\Desktop\±MĂD\vit-pytorch-main\vit-pytorch-main\vit_pytorch\parallel_vit.py
	    ¸ű·s      		    5666	c:\Users\nancy\OneDrive\Desktop\±MĂD\vit-pytorch-main\vit-pytorch-main\vit_pytorch\pit.py
	    ¸ű·s      		    1772	c:\Users\nancy\OneDrive\Desktop\±MĂD\vit-pytorch-main\vit-pytorch-main\vit_pytorch\recorder.py
	    ¸ű·s      		    9515	c:\Users\nancy\OneDrive\Desktop\±MĂD\vit-pytorch-main\vit-pytorch-main\vit_pytorch\regionvit.py
	    ¸ű·s      		    7731	c:\Users\nancy\OneDrive\Desktop\±MĂD\vit-pytorch-main\vit-pytorch-main\vit_pytorch\rvt.py
	    ¸ű·s      		    9585	c:\Users\nancy\OneDrive\Desktop\±MĂD\vit-pytorch-main\vit-pytorch-main\vit_pytorch\scalable_vit.py
	    ¸ű·s      		    8857	c:\Users\nancy\OneDrive\Desktop\±MĂD\vit-pytorch-main\vit-pytorch-main\vit_pytorch\sep_vit.py
	    ¸ű·s      		    2709	c:\Users\nancy\OneDrive\Desktop\±MĂD\vit-pytorch-main\vit-pytorch-main\vit_pytorch\simmim.py
	    ¸ű·s      		    5691	c:\Users\nancy\OneDrive\Desktop\±MĂD\vit-pytorch-main\vit-pytorch-main\vit_pytorch\simple_flash_attn_vit.py
	    ¸ű·s      		    5563	c:\Users\nancy\OneDrive\Desktop\±MĂD\vit-pytorch-main\vit-pytorch-main\vit_pytorch\simple_flash_attn_vit_3d.py
	    ¸ű·s      		    5126	c:\Users\nancy\OneDrive\Desktop\±MĂD\vit-pytorch-main\vit-pytorch-main\vit_pytorch\simple_uvit.py
	    ¸ű·s      		    3834	c:\Users\nancy\OneDrive\Desktop\±MĂD\vit-pytorch-main\vit-pytorch-main\vit_pytorch\simple_vit.py
	    ¸ű·s      		    3696	c:\Users\nancy\OneDrive\Desktop\±MĂD\vit-pytorch-main\vit-pytorch-main\vit_pytorch\simple_vit_1d.py
	    ¸ű·s      		    4344	c:\Users\nancy\OneDrive\Desktop\±MĂD\vit-pytorch-main\vit-pytorch-main\vit_pytorch\simple_vit_3d.py
	    ¸ű·s      		    5256	c:\Users\nancy\OneDrive\Desktop\±MĂD\vit-pytorch-main\vit-pytorch-main\vit_pytorch\simple_vit_with_fft.py
	    ¸ű·s      		    7177	c:\Users\nancy\OneDrive\Desktop\±MĂD\vit-pytorch-main\vit-pytorch-main\vit_pytorch\simple_vit_with_hyper_connections.py
	    ¸ű·s      		    4652	c:\Users\nancy\OneDrive\Desktop\±MĂD\vit-pytorch-main\vit-pytorch-main\vit_pytorch\simple_vit_with_patch_dropout.py
	    ¸ű·s      		    4548	c:\Users\nancy\OneDrive\Desktop\±MĂD\vit-pytorch-main\vit-pytorch-main\vit_pytorch\simple_vit_with_qk_norm.py
	    ¸ű·s      		    4219	c:\Users\nancy\OneDrive\Desktop\±MĂD\vit-pytorch-main\vit-pytorch-main\vit_pytorch\simple_vit_with_register_tokens.py
	    ¸ű·s      		    4748	c:\Users\nancy\OneDrive\Desktop\±MĂD\vit-pytorch-main\vit-pytorch-main\vit_pytorch\simple_vit_with_value_residual.py
	    ¸ű·s      		    2888	c:\Users\nancy\OneDrive\Desktop\±MĂD\vit-pytorch-main\vit-pytorch-main\vit_pytorch\t2t.py
	    ¸ű·s      		    7966	c:\Users\nancy\OneDrive\Desktop\±MĂD\vit-pytorch-main\vit-pytorch-main\vit_pytorch\twins_svt.py
	    ¸ű·s      		   15254	c:\Users\nancy\OneDrive\Desktop\±MĂD\vit-pytorch-main\vit-pytorch-main\vit_pytorch\vat.py
	    ¸ű·s      		    4115	c:\Users\nancy\OneDrive\Desktop\±MĂD\vit-pytorch-main\vit-pytorch-main\vit_pytorch\vit.py
	    ¸ű·s      		    3880	c:\Users\nancy\OneDrive\Desktop\±MĂD\vit-pytorch-main\vit-pytorch-main\vit_pytorch\vit_1d.py
	    ¸ű·s      		    4351	c:\Users\nancy\OneDrive\Desktop\±MĂD\vit-pytorch-main\vit-pytorch-main\vit_pytorch\vit_3d.py
	    ¸ű·s      		    4829	c:\Users\nancy\OneDrive\Desktop\±MĂD\vit-pytorch-main\vit-pytorch-main\vit_pytorch\vit_for_small_dataset.py
	    ¸ű·s      		    5895	c:\Users\nancy\OneDrive\Desktop\±MĂD\vit-pytorch-main\vit-pytorch-main\vit_pytorch\vit_nd.py
	    ¸ű·s      		   10081	c:\Users\nancy\OneDrive\Desktop\±MĂD\vit-pytorch-main\vit-pytorch-main\vit_pytorch\vit_nd_rotary.py
	    ¸ű·s      		    7258	c:\Users\nancy\OneDrive\Desktop\±MĂD\vit-pytorch-main\vit-pytorch-main\vit_pytorch\vit_with_decorr.py
	    ¸ű·s      		    4786	c:\Users\nancy\OneDrive\Desktop\±MĂD\vit-pytorch-main\vit-pytorch-main\vit_pytorch\vit_with_patch_dropout.py
	    ¸ű·s      		    4810	c:\Users\nancy\OneDrive\Desktop\±MĂD\vit-pytorch-main\vit-pytorch-main\vit_pytorch\vit_with_patch_merger.py
	    ¸ű·s      		    7599	c:\Users\nancy\OneDrive\Desktop\±MĂD\vit-pytorch-main\vit-pytorch-main\vit_pytorch\vivit.py
	    ¸ű·s      		    8539	c:\Users\nancy\OneDrive\Desktop\±MĂD\vit-pytorch-main\vit-pytorch-main\vit_pytorch\xcit.py
	  *¨äĄLŔÉ®×   		    8467	c:\Users\nancy\OneDrive\Desktop\±MĂD\±MĂD\vit_pytorch\__pycache__\vit.cpython-314.pyc
	  *¨äĄLŔÉ®×   		     391	c:\Users\nancy\OneDrive\Desktop\±MĂD\±MĂD\vit_pytorch\__pycache__\__init__.cpython-314.pyc
	    ¸ű·s      		     144	c:\Users\nancy\OneDrive\Desktop\±MĂD\vit-pytorch-main\vit-pytorch-main\vit_pytorch\__init__.py
	    ¸űÂÂ      		   15349	c:\Users\nancy\OneDrive\Desktop\±MĂD\vit-pytorch-main\vit-pytorch-main\vit_pytorch\__pycache__\dino.cpython-312.pyc
	    ¸űÂÂ      		    4584	c:\Users\nancy\OneDrive\Desktop\±MĂD\vit-pytorch-main\vit-pytorch-main\vit_pytorch\__pycache__\mae.cpython-312.pyc
	    ¸űÂÂ      		    7844	c:\Users\nancy\OneDrive\Desktop\±MĂD\vit-pytorch-main\vit-pytorch-main\vit_pytorch\__pycache__\simple_vit.cpython-312.pyc
	    ¸ű·s      		    8043	c:\Users\nancy\OneDrive\Desktop\±MĂD\vit-pytorch-main\vit-pytorch-main\vit_pytorch\__pycache__\vit.cpython-312.pyc
	    ¸ű·s      		     393	c:\Users\nancy\OneDrive\Desktop\±MĂD\vit-pytorch-main\vit-pytorch-main\vit_pytorch\__pycache__\__init__.cpython-312.pyc

-------------------------------------------------------------------------------

                  Á`­p       ¤w˝Ć»s        ˛¤ąL        ¤Ł˛Ĺ        Ą˘±Ń        ĂBĄ~
      ĄŘżý :         2         2         2         0         0         0
      ŔÉ®× :        70        70         0         0         0         3
     ¦ě¤¸˛Ő :   452.7 k   452.7 k         0         0         0    31.6 k
      ®É¶ˇ :   0:00:00   0:00:00                       0:00:00   0:00:00


      łt«× :           11,888,641 ¦ě¤¸˛Ő/¬íˇC
      łt«× :              680.273 MB/¤ŔˇC
   ¤wµ˛§ô : 2026¦~3¤ë8¤é ¤U¤Č 05:00:04

